<?xml version="1.0" encoding="utf-8" standalone="no"?>
<!--This file represents the results of running a test suite-->
<test-results name="D:\MyStuff\Work\Source_Code\UITesting\UITesting.SpecFlow.Tests\bin\Debug\UITesting.SpecFlow.Tests.dll" total="1" errors="0" failures="0" not-run="0" inconclusive="0" ignored="0" skipped="0" invalid="0" date="2013-01-23" time="20:23:18">
  <environment nunit-version="2.5.10.11092" clr-version="2.0.50727.5466" os-version="Microsoft Windows NT 6.1.7601 Service Pack 1" platform="Win32NT" cwd="D:\MyStuff\Work\Source_Code\UITesting\UITesting.SpecFlow.Tests\bin\Debug" machine-name="ARSG184" user="jhuerta" user-domain="PDC" />
  <culture-info current-culture="en-GB" current-uiculture="en-US" />
  <test-suite type="Assembly" name="D:\MyStuff\Work\Source_Code\UITesting\UITesting.SpecFlow.Tests\bin\Debug\UITesting.SpecFlow.Tests.dll" executed="True" result="Success" success="True" time="8.315" asserts="0">
    <results>
      <test-suite type="Namespace" name="UITesting" executed="True" result="Success" success="True" time="8.304" asserts="0">
        <results>
          <test-suite type="Namespace" name="SpecFlow" executed="True" result="Success" success="True" time="8.303" asserts="0">
            <results>
              <test-suite type="Namespace" name="Tests" executed="True" result="Success" success="True" time="8.303" asserts="0">
                <results>
                  <test-suite type="TestFixture" name="RegistrationFeature" description="Registration" executed="True" result="Success" success="True" time="8.300" asserts="0">
                    <results>
                      <test-case name="UITesting.SpecFlow.Tests.RegistrationFeature.RegisterInTheWebSite" description="Register in the web site" executed="True" result="Success" success="True" time="7.769" asserts="1">
                        <categories>
                          <category name="mytag" />
                        </categories>
                      </test-case>
                    </results>
                  </test-suite>
                </results>
              </test-suite>
            </results>
          </test-suite>
        </results>
      </test-suite>
    </results>
  </test-suite>
</test-results>